build/intermediates/manifest_merge_blame_file/debug/manifest-merger-blame-debug-report.txt
1<?xml version="1.0" encoding="utf-8"?>
2<manifest xmlns:android="http://schemas.android.com/apk/res/android"
3    package="com.github.brunorce.playbilling" >
4
5    <uses-sdk android:minSdkVersion="26" />
6
7    <uses-permission android:name="com.android.vending.BILLING" />
7-->src/main/AndroidManifest.xml:3:5-67
7-->src/main/AndroidManifest.xml:3:22-64
8
9</manifest>